Using pre-set license
Built from '2022.3/staging' branch; Version is '2022.3.11f1 (d00248457e15) revision 13632072'; Using compiler version '192829333'; Build Type 'Release'
OS: 'Windows 11  (10.0.22621) 64bit Professional' Language: 'fr' Physical Memory: 16270 MB
BatchMode: 1, IsHumanControllingUs: 0, StartBugReporterOnCrash: 0, Is64bit: 1, IsPro: 1

COMMAND LINE ARGUMENTS:
C:\Program Files\Unity\Hub\Editor\2022.3.11f1\Editor\Unity.exe
-adb2
-batchMode
-noUpm
-name
AssetImportWorker0
-projectPath
C:/PRO/RetiCorp/AyteD/Etude/ICAN/Y2/Semestre 1/Unity prog/création d’environnement
-logFile
Logs/AssetImportWorker0.log
-srvPort
65309
Successfully changed project path to: C:/PRO/RetiCorp/AyteD/Etude/ICAN/Y2/Semestre 1/Unity prog/création d’environnement
C:/PRO/RetiCorp/AyteD/Etude/ICAN/Y2/Semestre 1/Unity prog/création d’environnement
[UnityMemory] Configuration Parameters - Can be set up in boot.config
    "memorysetup-bucket-allocator-granularity=16"
    "memorysetup-bucket-allocator-bucket-count=8"
    "memorysetup-bucket-allocator-block-size=33554432"
    "memorysetup-bucket-allocator-block-count=8"
    "memorysetup-main-allocator-block-size=16777216"
    "memorysetup-thread-allocator-block-size=16777216"
    "memorysetup-gfx-main-allocator-block-size=16777216"
    "memorysetup-gfx-thread-allocator-block-size=16777216"
    "memorysetup-cache-allocator-block-size=4194304"
    "memorysetup-typetree-allocator-block-size=2097152"
    "memorysetup-profiler-bucket-allocator-granularity=16"
    "memorysetup-profiler-bucket-allocator-bucket-count=8"
    "memorysetup-profiler-bucket-allocator-block-size=33554432"
    "memorysetup-profiler-bucket-allocator-block-count=8"
    "memorysetup-profiler-allocator-block-size=16777216"
    "memorysetup-profiler-editor-allocator-block-size=1048576"
    "memorysetup-temp-allocator-size-main=16777216"
    "memorysetup-job-temp-allocator-block-size=2097152"
    "memorysetup-job-temp-allocator-block-size-background=1048576"
    "memorysetup-job-temp-allocator-reduction-small-platforms=262144"
    "memorysetup-allocator-temp-initial-block-size-main=262144"
    "memorysetup-allocator-temp-initial-block-size-worker=262144"
    "memorysetup-temp-allocator-size-background-worker=32768"
    "memorysetup-temp-allocator-size-job-worker=262144"
    "memorysetup-temp-allocator-size-preload-manager=33554432"
    "memorysetup-temp-allocator-size-nav-mesh-worker=65536"
    "memorysetup-temp-allocator-size-audio-worker=65536"
    "memorysetup-temp-allocator-size-cloud-worker=32768"
    "memorysetup-temp-allocator-size-gi-baking-worker=262144"
    "memorysetup-temp-allocator-size-gfx=262144"
Player connection [14268] Host "[IP] 192.168.1.52 [Port] 0 [Flags] 2 [Guid] 350353989 [EditorId] 350353989 [Version] 1048832 [Id] WindowsEditor(7,DESKTOP-BCOLD0D) [Debug] 1 [PackageName] WindowsEditor [ProjectName] Editor" joined multi-casting on [225.0.0.222:54997]...

Player connection [14268] Host "[IP] 192.168.1.52 [Port] 0 [Flags] 2 [Guid] 350353989 [EditorId] 350353989 [Version] 1048832 [Id] WindowsEditor(7,DESKTOP-BCOLD0D) [Debug] 1 [PackageName] WindowsEditor [ProjectName] Editor" joined alternative multi-casting on [225.0.0.222:34997]...

[Physics::Module] Initialized MultithreadedJobDispatcher with 15 workers.
Refreshing native plugins compatible for Editor in 7.47 ms, found 3 plugins.
Preloading 0 native plugins for Editor in 0.00 ms.
Initialize engine version: 2022.3.11f1 (d00248457e15)
[Subsystems] Discovering subsystems at path C:/Program Files/Unity/Hub/Editor/2022.3.11f1/Editor/Data/Resources/UnitySubsystems
[Subsystems] Discovering subsystems at path C:/PRO/RetiCorp/AyteD/Etude/ICAN/Y2/Semestre 1/Unity prog/création d’environnement/Assets
GfxDevice: creating device client; threaded=0; jobified=0
Direct3D:
    Version:  Direct3D 11.0 [level 11.1]
    Renderer: NVIDIA GeForce GTX 1660 SUPER (ID=0x21c4)
    Vendor:   NVIDIA
    VRAM:     5981 MB
    Driver:   31.0.15.4592
Initialize mono
Mono path[0] = 'C:/Program Files/Unity/Hub/Editor/2022.3.11f1/Editor/Data/Managed'
Mono path[1] = 'C:/Program Files/Unity/Hub/Editor/2022.3.11f1/Editor/Data/MonoBleedingEdge/lib/mono/unityjit-win32'
Mono config path = 'C:/Program Files/Unity/Hub/Editor/2022.3.11f1/Editor/Data/MonoBleedingEdge/etc'
Using monoOptions --debugger-agent=transport=dt_socket,embedding=1,server=y,suspend=n,address=127.0.0.1:56160
Begin MonoManager ReloadAssembly
Registering precompiled unity dll's ...
Register platform support module: C:/Program Files/Unity/Hub/Editor/2022.3.11f1/Editor/Data/PlaybackEngines/WebGLSupport/UnityEditor.WebGL.Extensions.dll
Register platform support module: C:/Program Files/Unity/Hub/Editor/2022.3.11f1/Editor/Data/PlaybackEngines/WindowsStandaloneSupport/UnityEditor.WindowsStandalone.Extensions.dll
Registered in 0.008184 seconds.
- Loaded All Assemblies, in  0.262 seconds
Native extension for WindowsStandalone target not found
Native extension for WebGL target not found
Mono: successfully reloaded assembly
- Finished resetting the current domain, in  0.196 seconds
Domain Reload Profiling: 456ms
	BeginReloadAssembly (84ms)
		ExecutionOrderSort (0ms)
		DisableScriptedObjects (0ms)
		BackupInstance (0ms)
		ReleaseScriptingObjects (0ms)
		CreateAndSetChildDomain (0ms)
	RebuildCommonClasses (25ms)
	RebuildNativeTypeToScriptingClass (8ms)
	initialDomainReloadingComplete (49ms)
	LoadAllAssembliesAndSetupDomain (95ms)
		LoadAssemblies (82ms)
		RebuildTransferFunctionScriptingTraits (0ms)
		AnalyzeDomain (94ms)
			TypeCache.Refresh (93ms)
				TypeCache.ScanAssembly (84ms)
			ScanForSourceGeneratedMonoScriptInfo (0ms)
			ResolveRequiredComponents (0ms)
	FinalizeReload (196ms)
		ReleaseScriptCaches (0ms)
		RebuildScriptCaches (0ms)
		SetupLoadedEditorAssemblies (153ms)
			LogAssemblyErrors (0ms)
			InitializePlatformSupportModulesInManaged (9ms)
			SetLoadedEditorAssemblies (4ms)
			RefreshPlugins (0ms)
			BeforeProcessingInitializeOnLoad (2ms)
			ProcessInitializeOnLoadAttributes (105ms)
			ProcessInitializeOnLoadMethodAttributes (34ms)
			AfterProcessingInitializeOnLoad (0ms)
			EditorAssembliesLoaded (0ms)
		ExecutionOrderSort2 (0ms)
		AwakeInstancesAfterBackupRestoration (0ms)
========================================================================
Worker process is ready to serve import requests
Begin MonoManager ReloadAssembly
- Loaded All Assemblies, in  0.468 seconds
Refreshing native plugins compatible for Editor in 2.80 ms, found 3 plugins.
Native extension for WindowsStandalone target not found
Native extension for WebGL target not found
Package Manager log level set to [2]
[Package Manager] Server::EnsureServerProcessIsRunning -- launch failed, reason: Unity was launched with the -noUpm command-line argument
[Package Manager] UpmClient::Send -- Unable to send message (not connected to UPM process).
[Package Manager] Cannot connect to Unity Package Manager local server
Mono: successfully reloaded assembly
- Finished resetting the current domain, in  0.421 seconds
Domain Reload Profiling: 886ms
	BeginReloadAssembly (115ms)
		ExecutionOrderSort (0ms)
		DisableScriptedObjects (6ms)
		BackupInstance (0ms)
		ReleaseScriptingObjects (0ms)
		CreateAndSetChildDomain (17ms)
	RebuildCommonClasses (24ms)
	RebuildNativeTypeToScriptingClass (8ms)
	initialDomainReloadingComplete (33ms)
	LoadAllAssembliesAndSetupDomain (285ms)
		LoadAssemblies (219ms)
		RebuildTransferFunctionScriptingTraits (0ms)
		AnalyzeDomain (131ms)
			TypeCache.Refresh (115ms)
				TypeCache.ScanAssembly (104ms)
			ScanForSourceGeneratedMonoScriptInfo (11ms)
			ResolveRequiredComponents (3ms)
	FinalizeReload (421ms)
		ReleaseScriptCaches (0ms)
		RebuildScriptCaches (0ms)
		SetupLoadedEditorAssemblies (308ms)
			LogAssemblyErrors (0ms)
			InitializePlatformSupportModulesInManaged (6ms)
			SetLoadedEditorAssemblies (3ms)
			RefreshPlugins (0ms)
			BeforeProcessingInitializeOnLoad (48ms)
			ProcessInitializeOnLoadAttributes (230ms)
			ProcessInitializeOnLoadMethodAttributes (14ms)
			AfterProcessingInitializeOnLoad (7ms)
			EditorAssembliesLoaded (0ms)
		ExecutionOrderSort2 (0ms)
		AwakeInstancesAfterBackupRestoration (6ms)
Launched and connected shader compiler UnityShaderCompiler.exe after 0.04 seconds
Refreshing native plugins compatible for Editor in 4.62 ms, found 3 plugins.
Preloading 0 native plugins for Editor in 0.00 ms.
Unloading 3081 Unused Serialized files (Serialized files now loaded: 0)
Unloading 32 unused Assets / (56.8 KB). Loaded Objects now: 3542.
Memory consumption went from 120.9 MB to 120.8 MB.
Total: 2.363700 ms (FindLiveObjects: 0.169500 ms CreateObjectMapping: 0.073800 ms MarkObjects: 2.049500 ms  DeleteObjects: 0.070200 ms)

AssetImportParameters requested are different than current active one (requested -> active):
  custom:container-demuxer-ogg: 62fdf1f143b41e24485cea50d1cbac27 -> 
  custom:video-decoder-ogg-theora: a1e56fd34408186e4bbccfd4996cb3dc -> 
  custom:framework-win-MediaFoundation: 216162199b28c13a410421893ffa2e32 -> 
  custom:CustomObjectIndexerAttribute: 756ad292c208cfabdd7b50bc23989ffe -> 
  custom:container-demuxer-webm: 4f35f7cbe854078d1ac9338744f61a02 -> 
  custom:container-muxer-webm: aa71ff27fc2769a1b78a27578f13a17b -> 
  custom:video-decoder-webm-vp8: 9c59270c3fd7afecdb556c50c9e8de78 -> 
  custom:SearchIndexIgnoredProperties: e643bd26f0fe6173181afceb89e7c659 -> 
  custom:AudioImporter_EditorPlatform: d09bf68614088b80899f8185d706f6e7 -> 
  custom:video-encoder-webm-vp8: eb34c28f22e8b96e1ab97ce403110664 -> 
  custom:audio-decoder-ogg-vorbis: bf7c407c2cedff20999df2af8eb42d56 -> 
  custom:audio-encoder-webm-vorbis: bf7c407c2cedff20999df2af8eb42d56 -> 
========================================================================
Received Import Request.
  Time since last request: 111792.957157 seconds.
  path: Assets/prefab/Wall.prefab
  artifactKey: Guid(d1154e3012bf3b94794acfbdb7b3e938) Importer(815301076,1909f56bfc062723c751e8b465ee728b)
Start importing Assets/prefab/Wall.prefab using Guid(d1154e3012bf3b94794acfbdb7b3e938) Importer(815301076,1909f56bfc062723c751e8b465ee728b)  -> (artifact id: '42e8e9216918eb70e03f54a5605fd25d') in 0.083567 seconds
Number of updated asset objects reloaded before import = 0
Number of asset objects unloaded after import = 20
========================================================================
Received Import Request.
  Time since last request: 120.589584 seconds.
  path: Assets/prefab/Multi_Stage.prefab
  artifactKey: Guid(070cd8fbe1e433e4fa53e8a68263eeb1) Importer(815301076,1909f56bfc062723c751e8b465ee728b)
Start importing Assets/prefab/Multi_Stage.prefab using Guid(070cd8fbe1e433e4fa53e8a68263eeb1) Importer(815301076,1909f56bfc062723c751e8b465ee728b)  -> (artifact id: '421bf60d727adf37f3713b0cbf62968b') in 0.008143 seconds
Number of updated asset objects reloaded before import = 0
Number of asset objects unloaded after import = 15
========================================================================
Received Import Request.
  Time since last request: 509.872126 seconds.
  path: Assets/prefab/Rampes.prefab
  artifactKey: Guid(57eb96c232e0a25478d03d90572ca4a0) Importer(815301076,1909f56bfc062723c751e8b465ee728b)
Start importing Assets/prefab/Rampes.prefab using Guid(57eb96c232e0a25478d03d90572ca4a0) Importer(815301076,1909f56bfc062723c751e8b465ee728b)  -> (artifact id: '25497afe311d4a8601e714082dff772e') in 0.008268 seconds
Number of updated asset objects reloaded before import = 0
Number of asset objects unloaded after import = 15
========================================================================
Received Import Request.
  Time since last request: 169.353381 seconds.
  path: Assets/prefab/Autre_Niveau.prefab
  artifactKey: Guid(a6a33788297fe5c47b156f28582fe6d0) Importer(815301076,1909f56bfc062723c751e8b465ee728b)
Start importing Assets/prefab/Autre_Niveau.prefab using Guid(a6a33788297fe5c47b156f28582fe6d0) Importer(815301076,1909f56bfc062723c751e8b465ee728b)  -> (artifact id: '3f0b503beb982096a572c4cb0d0fcde9') in 0.007997 seconds
Number of updated asset objects reloaded before import = 0
Number of asset objects unloaded after import = 15
========================================================================
Received Import Request.
  Time since last request: 23.161810 seconds.
  path: Assets/prefab/Autre_Niveau.prefab
  artifactKey: Guid(a6a33788297fe5c47b156f28582fe6d0) Importer(815301076,1909f56bfc062723c751e8b465ee728b)
Start importing Assets/prefab/Autre_Niveau.prefab using Guid(a6a33788297fe5c47b156f28582fe6d0) Importer(815301076,1909f56bfc062723c751e8b465ee728b)  -> (artifact id: '8eb5a5cdcb0b98d672e6376b2ab3d2d1') in 0.007845 seconds
Number of updated asset objects reloaded before import = 0
Number of asset objects unloaded after import = 15
========================================================================
Received Import Request.
  Time since last request: 866.864089 seconds.
  path: Assets/prefab/stairs.prefab
  artifactKey: Guid(f8d7983aaef10504ebf27b8c843dcac5) Importer(815301076,1909f56bfc062723c751e8b465ee728b)
Start importing Assets/prefab/stairs.prefab using Guid(f8d7983aaef10504ebf27b8c843dcac5) Importer(815301076,1909f56bfc062723c751e8b465ee728b)  -> (artifact id: '4cae59b6b70ae104037996e49ff2f3a7') in 0.009032 seconds
Number of updated asset objects reloaded before import = 0
Number of asset objects unloaded after import = 40
========================================================================
Received Import Request.
  Time since last request: 209.641884 seconds.
  path: Assets/prefab/Gates.prefab
  artifactKey: Guid(d986fffd0ac5ae74da36b1c295767b83) Importer(815301076,1909f56bfc062723c751e8b465ee728b)
Start importing Assets/prefab/Gates.prefab using Guid(d986fffd0ac5ae74da36b1c295767b83) Importer(815301076,1909f56bfc062723c751e8b465ee728b)  -> (artifact id: 'd437d4056e8ea0d72d7397bee114c0af') in 0.008441 seconds
Number of updated asset objects reloaded before import = 0
Number of asset objects unloaded after import = 20
========================================================================
Received Import Request.
  Time since last request: 67.472052 seconds.
  path: Assets/prefab/Passerelles Variant.prefab
  artifactKey: Guid(8b24c34d5f67da24b8ded734c5859194) Importer(815301076,1909f56bfc062723c751e8b465ee728b)
Start importing Assets/prefab/Passerelles Variant.prefab using Guid(8b24c34d5f67da24b8ded734c5859194) Importer(815301076,1909f56bfc062723c751e8b465ee728b)  -> (artifact id: '9c8d0115033ae031c146cd9fa9782d62') in 0.009272 seconds
Number of updated asset objects reloaded before import = 0
Number of asset objects unloaded after import = 40
========================================================================
Received Import Request.
  Time since last request: 52.717034 seconds.
  path: Assets/prefab/Walkway.prefab
  artifactKey: Guid(76ff86d9684ff364098b29f1dbe6e376) Importer(815301076,1909f56bfc062723c751e8b465ee728b)
Start importing Assets/prefab/Walkway.prefab using Guid(76ff86d9684ff364098b29f1dbe6e376) Importer(815301076,1909f56bfc062723c751e8b465ee728b)  -> (artifact id: '42804807ae1bb30c6bcfd69527fced23') in 0.008424 seconds
Number of updated asset objects reloaded before import = 0
Number of asset objects unloaded after import = 20
========================================================================
Received Import Request.
  Time since last request: 145.584353 seconds.
  path: Assets/prefab/Walkway.prefab
  artifactKey: Guid(76ff86d9684ff364098b29f1dbe6e376) Importer(815301076,1909f56bfc062723c751e8b465ee728b)
Start importing Assets/prefab/Walkway.prefab using Guid(76ff86d9684ff364098b29f1dbe6e376) Importer(815301076,1909f56bfc062723c751e8b465ee728b)  -> (artifact id: 'cb212f35e59e2d7ab4a83f71b6734d4f') in 0.008219 seconds
Number of updated asset objects reloaded before import = 0
Number of asset objects unloaded after import = 30
